2024-11-07 21:21:46,705 - INFO - Récupération des taux de fret
2024-11-07 21:21:46,901 - INFO - Données brutes sauvegardées dans data/raw/2024-11-07_freight_rates.csv
2024-11-07 21:21:46,902 - INFO - Historique des taux mis à jour
2024-11-11 08:11:14,629 - INFO - Récupération des taux de fret
2024-11-11 08:11:14,862 - INFO - Données brutes sauvegardées dans data/raw/2024-11-11_freight_rates.csv
2024-11-11 08:11:14,866 - INFO - Historique des taux mis à jour
2024-11-18 08:12:29,745 - INFO - Récupération des taux de fret
2024-11-18 08:12:30,013 - INFO - Données brutes sauvegardées dans data/raw/2024-11-18_freight_rates.csv
2024-11-18 08:12:30,016 - INFO - Historique des taux mis à jour
2024-11-25 08:12:38,737 - INFO - Récupération des taux de fret
2024-11-25 08:12:39,006 - INFO - Données brutes sauvegardées dans data/raw/2024-11-25_freight_rates.csv
2024-11-25 08:12:39,009 - INFO - Historique des taux mis à jour
2024-11-29 16:44:42,700 - INFO - Récupération des taux de fret
2024-11-29 16:44:42,953 - INFO - Données brutes sauvegardées dans data/raw/2024-11-29_freight_rates.csv
2024-11-29 16:44:42,956 - INFO - Historique des taux mis à jour
2024-12-02 08:12:51,716 - INFO - Récupération des taux de fret
2024-12-02 08:12:52,080 - INFO - Données brutes sauvegardées dans data/raw/2024-12-02_freight_rates.csv
2024-12-02 08:12:52,083 - INFO - Historique des taux mis à jour
2024-12-07 20:49:53,740 - INFO - Récupération des taux de fret
2024-12-07 20:49:53,981 - INFO - Données brutes sauvegardées dans data/raw/2024-12-07_freight_rates.csv
2024-12-07 20:49:53,984 - INFO - Historique des taux mis à jour
2024-12-09 08:12:56,928 - INFO - Récupération des taux de fret
2024-12-09 08:12:57,237 - INFO - Données brutes sauvegardées dans data/raw/2024-12-09_freight_rates.csv
2024-12-09 08:12:57,240 - INFO - Historique des taux mis à jour
2024-12-09 21:14:49,026 - INFO - Récupération des taux de fret
2024-12-09 21:14:49,291 - INFO - Données brutes sauvegardées dans data/raw/2024-12-09_freight_rates.csv
2024-12-09 21:14:49,295 - INFO - Historique des taux mis à jour
2024-12-09 21:19:22,374 - INFO - Récupération des taux de fret
2024-12-09 21:19:22,629 - INFO - Données brutes sauvegardées dans data/raw/2024-12-09_freight_rates.csv
2024-12-09 21:19:22,632 - INFO - Historique des taux mis à jour
2024-12-09 21:42:07,724 - INFO - Récupération des taux de fret
2024-12-09 21:42:07,973 - INFO - Données brutes sauvegardées dans data/raw/2024-12-09_freight_rates.csv
2024-12-09 21:42:07,977 - INFO - Historique des taux mis à jour
2024-12-16 08:12:57,087 - INFO - Récupération des taux de fret
2024-12-16 08:12:57,458 - INFO - Données brutes sauvegardées dans data/raw/2024-12-16_freight_rates.csv
2024-12-16 08:12:57,461 - INFO - Historique des taux mis à jour
2024-12-23 08:11:43,397 - INFO - Récupération des taux de fret
2024-12-23 08:11:43,833 - INFO - Données brutes sauvegardées dans data/raw/2024-12-23_freight_rates.csv
2024-12-23 08:11:43,836 - INFO - Historique des taux mis à jour
2024-12-30 08:11:29,852 - INFO - Récupération des taux de fret
2024-12-30 08:11:30,206 - INFO - Données brutes sauvegardées dans data/raw/2024-12-30_freight_rates.csv
2024-12-30 08:11:30,210 - INFO - Historique des taux mis à jour
2025-01-06 08:11:56,971 - INFO - Récupération des taux de fret
2025-01-06 08:11:57,323 - INFO - Données brutes sauvegardées dans data/raw/2025-01-06_freight_rates.csv
2025-01-06 08:11:57,327 - INFO - Historique des taux mis à jour
2025-01-13 08:12:37,112 - INFO - Récupération des taux de fret
2025-01-13 08:12:37,405 - INFO - Données brutes sauvegardées dans data/raw/2025-01-13_freight_rates.csv
2025-01-13 08:12:37,409 - INFO - Historique des taux mis à jour
2025-01-20 08:11:41,262 - INFO - Récupération des taux de fret
2025-01-20 08:11:41,545 - INFO - Données brutes sauvegardées dans data/raw/2025-01-20_freight_rates.csv
2025-01-20 08:11:41,548 - INFO - Historique des taux mis à jour
2025-01-27 08:11:59,702 - INFO - Récupération des taux de fret
2025-01-27 08:11:59,976 - INFO - Données brutes sauvegardées dans data/raw/2025-01-27_freight_rates.csv
2025-01-27 08:11:59,979 - INFO - Historique des taux mis à jour
2025-02-03 08:11:39,147 - INFO - Récupération des taux de fret
2025-02-03 08:11:39,398 - INFO - Données brutes sauvegardées dans data/raw/2025-02-03_freight_rates.csv
2025-02-03 08:11:39,402 - INFO - Historique des taux mis à jour
2025-02-10 08:11:27,742 - INFO - Récupération des taux de fret
2025-02-10 08:11:27,949 - INFO - Données brutes sauvegardées dans data/raw/2025-02-10_freight_rates.csv
2025-02-10 08:11:27,952 - INFO - Historique des taux mis à jour
2025-02-17 08:12:06,098 - INFO - Récupération des taux de fret
2025-02-17 08:12:06,517 - INFO - Données brutes sauvegardées dans data/raw/2025-02-17_freight_rates.csv
2025-02-17 08:12:06,521 - INFO - Historique des taux mis à jour
2025-02-24 08:12:09,031 - INFO - Récupération des taux de fret
2025-02-24 08:12:09,279 - INFO - Données brutes sauvegardées dans data/raw/2025-02-24_freight_rates.csv
2025-02-24 08:12:09,283 - INFO - Historique des taux mis à jour
2025-03-03 08:12:33,711 - INFO - Récupération des taux de fret
2025-03-03 08:12:33,926 - INFO - Données brutes sauvegardées dans data/raw/2025-03-03_freight_rates.csv
2025-03-03 08:12:33,930 - INFO - Historique des taux mis à jour
2025-03-10 08:10:21,019 - INFO - Récupération des taux de fret
2025-03-10 08:10:21,332 - INFO - Données brutes sauvegardées dans data/raw/2025-03-10_freight_rates.csv
2025-03-10 08:10:21,336 - INFO - Historique des taux mis à jour
2025-03-17 08:12:48,894 - INFO - Récupération des taux de fret
2025-03-17 08:12:49,239 - INFO - Données brutes sauvegardées dans data/raw/2025-03-17_freight_rates.csv
2025-03-17 08:12:49,243 - INFO - Historique des taux mis à jour
2025-03-24 08:12:35,899 - INFO - Récupération des taux de fret
2025-03-24 08:12:36,174 - INFO - Données brutes sauvegardées dans data/raw/2025-03-24_freight_rates.csv
2025-03-24 08:12:36,178 - INFO - Historique des taux mis à jour
2025-03-31 08:13:03,623 - INFO - Récupération des taux de fret
2025-03-31 08:13:03,820 - INFO - Données brutes sauvegardées dans data/raw/2025-03-31_freight_rates.csv
2025-03-31 08:13:03,824 - INFO - Historique des taux mis à jour
2025-04-07 08:12:59,044 - INFO - Récupération des taux de fret
2025-04-07 08:12:59,438 - INFO - Données brutes sauvegardées dans data/raw/2025-04-07_freight_rates.csv
2025-04-07 08:12:59,441 - INFO - Historique des taux mis à jour
2025-04-14 08:12:54,448 - INFO - Récupération des taux de fret
2025-04-14 08:12:54,852 - INFO - Données brutes sauvegardées dans data/raw/2025-04-14_freight_rates.csv
2025-04-14 08:12:54,856 - INFO - Historique des taux mis à jour
2025-04-21 08:13:03,674 - INFO - Récupération des taux de fret
2025-04-21 08:13:04,073 - INFO - Données brutes sauvegardées dans data/raw/2025-04-21_freight_rates.csv
2025-04-21 08:13:04,078 - INFO - Historique des taux mis à jour
2025-04-28 08:30:58,192 - INFO - Récupération des taux de fret
2025-04-28 08:30:58,541 - INFO - Données brutes sauvegardées dans data/raw/2025-04-28_freight_rates.csv
2025-04-28 08:30:58,545 - INFO - Historique des taux mis à jour
2025-05-05 08:13:41,167 - INFO - Récupération des taux de fret
2025-05-05 08:13:41,407 - INFO - Données brutes sauvegardées dans data/raw/2025-05-05_freight_rates.csv
2025-05-05 08:13:41,411 - INFO - Historique des taux mis à jour
2025-05-12 08:13:38,273 - INFO - Récupération des taux de fret
2025-05-12 08:13:38,680 - INFO - Données brutes sauvegardées dans data/raw/2025-05-12_freight_rates.csv
2025-05-12 08:13:38,683 - INFO - Historique des taux mis à jour
2025-05-19 08:14:33,168 - INFO - Récupération des taux de fret
2025-05-19 08:14:33,601 - INFO - Données brutes sauvegardées dans data/raw/2025-05-19_freight_rates.csv
2025-05-19 08:14:33,605 - INFO - Historique des taux mis à jour
2025-06-02 08:14:15,018 - INFO - Récupération des taux de fret
2025-06-02 08:14:15,578 - ERROR - Erreur API: 
2025-06-09 08:14:37,417 - INFO - Récupération des taux de fret
2025-06-09 08:14:37,785 - ERROR - Erreur API: 
2025-06-16 08:14:12,949 - INFO - Récupération des taux de fret
2025-06-16 08:14:13,415 - ERROR - Erreur API: 
2025-06-23 08:14:21,720 - INFO - Récupération des taux de fret
2025-06-23 08:14:22,078 - ERROR - Erreur API: 
2025-06-30 08:14:18,525 - INFO - Récupération des taux de fret
2025-06-30 08:14:22,679 - ERROR - Erreur API: 
2025-07-07 08:14:45,390 - INFO - Récupération des taux de fret
2025-07-07 08:14:45,695 - ERROR - Erreur API: 
2025-07-14 08:15:01,331 - INFO - Récupération des taux de fret
2025-07-14 08:15:01,621 - ERROR - Erreur API: 
2025-07-21 08:15:41,740 - INFO - Récupération des taux de fret
2025-07-21 08:15:42,048 - ERROR - Erreur API: 
2025-07-28 08:15:38,976 - INFO - Récupération des taux de fret
2025-07-28 08:15:39,515 - ERROR - Erreur API: 
2025-08-04 08:15:25,942 - INFO - Récupération des taux de fret
2025-08-04 08:15:26,404 - ERROR - Erreur API: no healthy upstream
2025-08-11 08:15:19,435 - INFO - Récupération des taux de fret
2025-08-11 08:15:19,952 - ERROR - Erreur API: 
2025-08-18 08:15:06,281 - INFO - Récupération des taux de fret
2025-08-18 08:15:06,825 - ERROR - Erreur API: 
2025-08-25 08:14:10,901 - INFO - Récupération des taux de fret
2025-08-25 08:14:11,438 - ERROR - Erreur API: 
2025-09-01 08:13:52,169 - INFO - Récupération des taux de fret
2025-09-01 08:13:55,093 - ERROR - Erreur API: upstream connect error or disconnect/reset before headers. reset reason: connection termination
2025-09-08 08:14:02,866 - INFO - Récupération des taux de fret
2025-09-08 08:14:03,497 - ERROR - Erreur API: 
2025-09-15 08:12:52,396 - INFO - Récupération des taux de fret
2025-09-15 08:12:53,157 - ERROR - Erreur API: 
2025-09-22 08:13:27,858 - INFO - Récupération des taux de fret
2025-09-22 08:13:28,387 - ERROR - Erreur API: 
