2024-11-05 09:59:22,967 - INFO - Début du scraping
2024-11-05 09:59:22,967 - INFO - Tentative de connexion à http://pvinsights.com/index.php
2024-11-05 09:59:24,324 - INFO - Données récupérées avec succès
2024-11-05 09:59:24,364 - ERROR - Erreur lors du parsing d'une ligne: could not convert string to float: 'High'
2024-11-05 09:59:24,367 - INFO - Données brutes sauvegardées dans data/raw/2024-11-05_prices.csv
2024-11-05 09:59:24,369 - INFO - Données historiques mises à jour avec succès
2024-11-05 09:59:24,369 - INFO - Scraping terminé avec succès
2024-11-07 21:21:45,029 - INFO - Début du scraping
2024-11-07 21:21:45,029 - INFO - Tentative de connexion à http://pvinsights.com/index.php
2024-11-07 21:21:46,279 - INFO - Données récupérées avec succès
2024-11-07 21:21:46,320 - ERROR - Erreur lors du parsing d'une ligne: could not convert string to float: 'High'
2024-11-07 21:21:46,323 - INFO - Données brutes sauvegardées dans data/raw/2024-11-07_prices.csv
2024-11-07 21:21:46,329 - INFO - Données historiques mises à jour avec succès
2024-11-07 21:21:46,329 - INFO - Scraping terminé avec succès
2024-11-11 08:11:12,847 - INFO - Début du scraping
2024-11-11 08:11:12,847 - INFO - Tentative de connexion à http://pvinsights.com/index.php
2024-11-11 08:11:14,210 - INFO - Données récupérées avec succès
2024-11-11 08:11:14,251 - ERROR - Erreur lors du parsing d'une ligne: could not convert string to float: 'High'
2024-11-11 08:11:14,254 - INFO - Données brutes sauvegardées dans data/raw/2024-11-11_prices.csv
2024-11-11 08:11:14,260 - INFO - Données historiques mises à jour avec succès
2024-11-11 08:11:14,260 - INFO - Scraping terminé avec succès
2024-11-18 08:12:27,970 - INFO - Début du scraping
2024-11-18 08:12:27,970 - INFO - Tentative de connexion à http://pvinsights.com/index.php
2024-11-18 08:12:29,276 - INFO - Données récupérées avec succès
2024-11-18 08:12:29,366 - ERROR - Erreur lors du parsing d'une ligne: could not convert string to float: 'High'
2024-11-18 08:12:29,369 - INFO - Données brutes sauvegardées dans data/raw/2024-11-18_prices.csv
2024-11-18 08:12:29,374 - INFO - Données historiques mises à jour avec succès
2024-11-18 08:12:29,374 - INFO - Scraping terminé avec succès
2024-11-25 08:12:37,011 - INFO - Début du scraping
2024-11-25 08:12:37,011 - INFO - Tentative de connexion à http://pvinsights.com/index.php
2024-11-25 08:12:38,237 - INFO - Données récupérées avec succès
2024-11-25 08:12:38,311 - ERROR - Erreur lors du parsing d'une ligne: could not convert string to float: 'High'
2024-11-25 08:12:38,315 - INFO - Données brutes sauvegardées dans data/raw/2024-11-25_prices.csv
2024-11-25 08:12:38,321 - INFO - Données historiques mises à jour avec succès
2024-11-25 08:12:38,321 - INFO - Scraping terminé avec succès
2024-11-29 16:44:40,081 - INFO - Début du scraping
2024-11-29 16:44:40,081 - INFO - Tentative de connexion à http://pvinsights.com/index.php
2024-11-29 16:44:41,234 - INFO - Données récupérées avec succès
2024-11-29 16:44:41,273 - ERROR - Erreur lors du parsing d'une ligne: could not convert string to float: 'High'
2024-11-29 16:44:41,276 - INFO - Données brutes sauvegardées dans data/raw/2024-11-29_prices.csv
2024-11-29 16:44:41,282 - INFO - Données historiques mises à jour avec succès
2024-11-29 16:44:41,282 - INFO - Scraping terminé avec succès
2024-12-02 08:12:49,466 - INFO - Début du scraping
2024-12-02 08:12:49,466 - INFO - Tentative de connexion à http://pvinsights.com/index.php
2024-12-02 08:12:50,391 - INFO - Données récupérées avec succès
2024-12-02 08:12:50,431 - ERROR - Erreur lors du parsing d'une ligne: could not convert string to float: 'High'
2024-12-02 08:12:50,434 - INFO - Données brutes sauvegardées dans data/raw/2024-12-02_prices.csv
2024-12-02 08:12:50,440 - INFO - Données historiques mises à jour avec succès
2024-12-02 08:12:50,440 - INFO - Scraping terminé avec succès
2024-12-07 20:49:50,987 - INFO - Début du scraping
2024-12-07 20:49:50,987 - INFO - Tentative de connexion à http://pvinsights.com/index.php
2024-12-07 20:49:52,223 - INFO - Données récupérées avec succès
2024-12-07 20:49:52,264 - ERROR - Erreur lors du parsing d'une ligne: could not convert string to float: 'High'
2024-12-07 20:49:52,267 - INFO - Données brutes sauvegardées dans data/raw/2024-12-07_prices.csv
2024-12-07 20:49:52,272 - INFO - Données historiques mises à jour avec succès
2024-12-07 20:49:52,272 - INFO - Scraping terminé avec succès
2024-12-09 08:12:54,096 - INFO - Début du scraping
2024-12-09 08:12:54,096 - INFO - Tentative de connexion à http://pvinsights.com/index.php
2024-12-09 08:12:55,479 - INFO - Données récupérées avec succès
2024-12-09 08:12:55,519 - ERROR - Erreur lors du parsing d'une ligne: could not convert string to float: 'High'
2024-12-09 08:12:55,522 - INFO - Données brutes sauvegardées dans data/raw/2024-12-09_prices.csv
2024-12-09 08:12:55,527 - INFO - Données historiques mises à jour avec succès
2024-12-09 08:12:55,527 - INFO - Scraping terminé avec succès
2024-12-09 21:14:46,369 - INFO - Début du scraping
2024-12-09 21:14:46,369 - INFO - Tentative de connexion à http://pvinsights.com/index.php
2024-12-09 21:14:47,533 - INFO - Données récupérées avec succès
2024-12-09 21:14:47,574 - ERROR - Erreur lors du parsing d'une ligne: could not convert string to float: 'High'
2024-12-09 21:14:47,577 - INFO - Données brutes sauvegardées dans data/raw/2024-12-09_prices.csv
2024-12-09 21:14:47,583 - INFO - Données historiques mises à jour avec succès
2024-12-09 21:14:47,583 - INFO - Scraping terminé avec succès
2024-12-09 21:19:19,555 - INFO - Début du scraping
2024-12-09 21:19:19,556 - INFO - Tentative de connexion à http://pvinsights.com/index.php
2024-12-09 21:19:20,874 - INFO - Données récupérées avec succès
2024-12-09 21:19:20,914 - ERROR - Erreur lors du parsing d'une ligne: could not convert string to float: 'High'
2024-12-09 21:19:20,917 - INFO - Données brutes sauvegardées dans data/raw/2024-12-09_prices.csv
2024-12-09 21:19:20,923 - INFO - Données historiques mises à jour avec succès
2024-12-09 21:19:20,923 - INFO - Scraping terminé avec succès
2024-12-09 21:42:05,076 - INFO - Début du scraping
2024-12-09 21:42:05,076 - INFO - Tentative de connexion à http://pvinsights.com/index.php
2024-12-09 21:42:06,300 - INFO - Données récupérées avec succès
2024-12-09 21:42:06,341 - ERROR - Erreur lors du parsing d'une ligne: could not convert string to float: 'High'
2024-12-09 21:42:06,343 - INFO - Données brutes sauvegardées dans data/raw/2024-12-09_prices.csv
2024-12-09 21:42:06,349 - INFO - Données historiques mises à jour avec succès
2024-12-09 21:42:06,349 - INFO - Scraping terminé avec succès
2024-12-16 08:12:54,273 - INFO - Début du scraping
2024-12-16 08:12:54,273 - INFO - Tentative de connexion à http://pvinsights.com/index.php
2024-12-16 08:12:55,539 - INFO - Données récupérées avec succès
2024-12-16 08:12:55,607 - ERROR - Erreur lors du parsing d'une ligne: could not convert string to float: 'High'
2024-12-16 08:12:55,610 - INFO - Données brutes sauvegardées dans data/raw/2024-12-16_prices.csv
2024-12-16 08:12:55,616 - INFO - Données historiques mises à jour avec succès
2024-12-16 08:12:55,616 - INFO - Scraping terminé avec succès
2024-12-23 08:11:40,327 - INFO - Début du scraping
2024-12-23 08:11:40,327 - INFO - Tentative de connexion à http://pvinsights.com/index.php
2024-12-23 08:11:42,075 - INFO - Données récupérées avec succès
2024-12-23 08:11:42,116 - ERROR - Erreur lors du parsing d'une ligne: could not convert string to float: 'High'
2024-12-23 08:11:42,119 - INFO - Données brutes sauvegardées dans data/raw/2024-12-23_prices.csv
2024-12-23 08:11:42,125 - INFO - Données historiques mises à jour avec succès
2024-12-23 08:11:42,125 - INFO - Scraping terminé avec succès
